-995277 995277
-995112 995112
-995100 995100
-980924 980924
-973829 973829
-958899 958899
-951565 951565
-947292 947292
-944644 944644
-939038 939038
-938988 938988
-937735 937735
-934647 934647
-931340 931340
-931300 931300
-922956 922956
-922602 922602
-918144 918144
-915775 915775
-913542 913542
-912187 912187
-902693 902693
-898443 898443
-898069 898069
-893832 893832
-892912 892912
-889528 889528
-887534 887534
-884188 884188
-878890 878890
-876765 876765
-876370 876370
-871545 871545
-868313 868313
-864662 864662
-864380 864380
-861647 861647
-856859 856859
-844515 844515
-840667 840667
-835410 835410
-831488 831488
-831149 831149
-824838 824838
-817140 817140
-807068 807068
-801205 801205
-797092 797092
-796694 796694
-795702 795702
-788132 788132
-787454 787454
-785939 785939
-782696 782696
-782042 782042
-780841 780841
-780577 780577
-778177 778177
-770547 770547
-770279 770279
-768828 768828
-765236 765236
-761430 761430
-761178 761178
-752489 752489
-752177 752177
-749655 749655
-748117 748117
-747081 747081
-746843 746843
-743623 743623
-735287 735287
-733310 733310
-730690 730690
-729833 729833
-728241 728241
-726609 726609
-719391 719391
-713516 713516
-712376 712376
-711796 711796
-707334 707334
-704949 704949
-694873 694873
-692618 692618
-692139 692139
-687700 687700
-687371 687371
-670801 670801
-666359 666359
-665000 665000
-662362 662362
-660314 660314
-660229 660229
-654443 654443
-646402 646402
-645453 645453
-644914 644914
-644614 644614
-642495 642495
-641062 641062
-639594 639594
-638382 638382
-637932 637932
-623395 623395
-620329 620329
-620259 620259
-619994 619994
-612748 612748
-606649 606649
-605833 605833
-605427 605427
-596713 596713
-593969 593969
-584334 584334
-582829 582829
-581837 581837
-577395 577395
-576659 576659
-565111 565111
-558634 558634
-551431 551431
-549995 549995
-548837 548837
-546859 546859
-543223 543223
-542615 542615
-541086 541086
-525516 525516
-524595 524595
-516278 516278
-513680 513680
-508313 508313
-503250 503250
-502416 502416
-500633 500633
-494182 494182
-492954 492954
-491198 491198
-485181 485181
-481082 481082
-480968 480968
-479088 479088
-476488 476488
-469163 469163
-469073 469073
-465011 465011
-464719 464719
-461609 461609
-453146 453146
-447242 447242
-436219 436219
-432922 432922
-432874 432874
-431664 431664
-418242 418242
-412033 412033
-405375 405375
-401939 401939
-397070 397070
-382112 382112
-380487 380487
-371897 371897
-368944 368944
-367509 367509
-364786 364786
-364774 364774
-363189 363189
-349328 349328
-342748 342748
-329222 329222
-324367 324367
-321743 321743
-315489 315489
-312898 312898
-307624 307624
-298432 298432
-295879 295879
-295535 295535
-294574 294574
-293796 293796
-291349 291349
-280525 280525
-278060 278060
-272159 272159
-270279 270279
-269551 269551
-266325 266325
-264017 264017
-251488 251488
-250615 250615
-248261 248261
-244630 244630
-242411 242411
-241537 241537
-235546 235546
-234966 234966
-233552 233552
-232906 232906
-232519 232519
-231236 231236
-227720 227720
-225969 225969
-224797 224797
-223232 223232
-221359 221359
-221286 221286
-220755 220755
-220748 220748
-218239 218239
-209203 209203
-201906 201906
-201402 201402
-200178 200178
-192459 192459
-188403 188403
-185887 185887
-176673 176673
-175424 175424
-172616 172616
-169929 169929
-164550 164550
-163280 163280
-159182 159182
-157804 157804
-156232 156232
-153892 153892
-153540 153540
-150888 150888
-149126 149126
-148932 148932
-148143 148143
-146688 146688
-141922 141922
-139372 139372
-137429 137429
-132122 132122
-131265 131265
-130797 130797
-129102 129102
-122105 122105
-121868 121868
-117408 117408
-108566 108566
-106514 106514
-105905 105905
-105400 105400
-105339 105339
-101969 101969
-98974 98974
-95536 95536
-93071 93071
-87201 87201
-82807 82807
-81580 81580
-79723 79723
-77867 77867
-75508 75508
-69279 69279
-68205 68205
-63476 63476
-58272 58272
-55965 55965
-50118 50118
-46738 46738
-43700 43700
-42399 42399
-39846 39846
-30270 30270
-22937 22937
-7254 7254
-4755 4755
-1805 1805
